{"timestamp":"2025-09-11T04:51:25.792220","level":"info","event":"DAG bundles loaded: dags-folder","logger":"airflow.dag_processing.bundles.manager.DagBundlesManager"}
{"timestamp":"2025-09-11T04:51:25.792879","level":"info","event":"Filling up the DagBag from /opt/airflow/dags/dbt_dag.py","logger":"airflow.models.dagbag.DagBag"}
{"timestamp":"2025-09-11T04:51:29.219633","level":"info","event":"Tmp dir root location: /tmp","logger":"airflow.task.hooks.airflow.providers.standard.hooks.subprocess.SubprocessHook"}
{"timestamp":"2025-09-11T04:51:29.220829","level":"info","event":"Running command: ['/usr/bin/bash', '-c', 'cd /opt/airflow/dbt && dbt run --profiles-dir .']","logger":"airflow.task.hooks.airflow.providers.standard.hooks.subprocess.SubprocessHook"}
{"timestamp":"2025-09-11T04:51:29.238532","level":"info","event":"Output:","logger":"airflow.task.hooks.airflow.providers.standard.hooks.subprocess.SubprocessHook"}
{"timestamp":"2025-09-11T04:51:33.927066","level":"info","event":"\u001b[0m04:51:33  Running with dbt=1.10.9","logger":"airflow.task.hooks.airflow.providers.standard.hooks.subprocess.SubprocessHook"}
{"timestamp":"2025-09-11T04:51:45.268774","level":"info","event":"\u001b[0m04:51:45  Registered adapter: bigquery=1.10.1","logger":"airflow.task.hooks.airflow.providers.standard.hooks.subprocess.SubprocessHook"}
{"timestamp":"2025-09-11T04:51:46.755533","level":"info","event":"\u001b[0m04:51:46  Unable to do partial parsing because of a version mismatch","logger":"airflow.task.hooks.airflow.providers.standard.hooks.subprocess.SubprocessHook"}
{"timestamp":"2025-09-11T04:51:50.812424","level":"info","event":"\u001b[0m04:51:50  [\u001b[33mWARNING\u001b[0m]: Configuration paths exist in your dbt_project.yml file which do not apply to any resources.","logger":"airflow.task.hooks.airflow.providers.standard.hooks.subprocess.SubprocessHook"}
{"timestamp":"2025-09-11T04:51:50.813359","level":"info","event":"There are 1 unused configuration paths:","logger":"airflow.task.hooks.airflow.providers.standard.hooks.subprocess.SubprocessHook"}
{"timestamp":"2025-09-11T04:51:50.813471","level":"info","event":"- models.dbt_.example","logger":"airflow.task.hooks.airflow.providers.standard.hooks.subprocess.SubprocessHook"}
{"timestamp":"2025-09-11T04:51:51.104437","level":"info","event":"\u001b[0m04:51:51  Found 4 models, 1 source, 496 macros","logger":"airflow.task.hooks.airflow.providers.standard.hooks.subprocess.SubprocessHook"}
{"timestamp":"2025-09-11T04:51:51.107491","level":"info","event":"\u001b[0m04:51:51","logger":"airflow.task.hooks.airflow.providers.standard.hooks.subprocess.SubprocessHook"}
{"timestamp":"2025-09-11T04:51:51.111599","level":"info","event":"\u001b[0m04:51:51  Concurrency: 4 threads (target='dev')","logger":"airflow.task.hooks.airflow.providers.standard.hooks.subprocess.SubprocessHook"}
{"timestamp":"2025-09-11T04:51:51.115768","level":"info","event":"\u001b[0m04:51:51","logger":"airflow.task.hooks.airflow.providers.standard.hooks.subprocess.SubprocessHook"}
{"timestamp":"2025-09-11T04:51:54.089240","level":"info","event":"\u001b[0m04:51:54  1 of 4 START sql view model weather_today.stg__weather_today ................... [RUN]","logger":"airflow.task.hooks.airflow.providers.standard.hooks.subprocess.SubprocessHook"}
{"timestamp":"2025-09-11T04:51:55.169419","level":"info","event":"\u001b[0m04:51:55  1 of 4 OK created sql view model weather_today.stg__weather_today .............. [\u001b[32mCREATE VIEW (0 processed)\u001b[0m in 1.07s]","logger":"airflow.task.hooks.airflow.providers.standard.hooks.subprocess.SubprocessHook"}
{"timestamp":"2025-09-11T04:51:55.175380","level":"info","event":"\u001b[0m04:51:55  2 of 4 START sql view model weather_today.int__weather_today ................... [RUN]","logger":"airflow.task.hooks.airflow.providers.standard.hooks.subprocess.SubprocessHook"}
{"timestamp":"2025-09-11T04:51:56.627524","level":"info","event":"\u001b[0m04:51:56  2 of 4 OK created sql view model weather_today.int__weather_today .............. [\u001b[32mCREATE VIEW (0 processed)\u001b[0m in 1.44s]","logger":"airflow.task.hooks.airflow.providers.standard.hooks.subprocess.SubprocessHook"}
{"timestamp":"2025-09-11T04:51:56.645141","level":"info","event":"\u001b[0m04:51:56  3 of 4 START sql table model weather_today.dim__province ....................... [RUN]","logger":"airflow.task.hooks.airflow.providers.standard.hooks.subprocess.SubprocessHook"}
{"timestamp":"2025-09-11T04:51:56.655608","level":"info","event":"\u001b[0m04:51:56  4 of 4 START sql table model weather_today.fct__weather ........................ [RUN]","logger":"airflow.task.hooks.airflow.providers.standard.hooks.subprocess.SubprocessHook"}
{"timestamp":"2025-09-11T04:52:00.214002","level":"info","event":"\u001b[0m04:52:00  3 of 4 OK created sql table model weather_today.dim__province .................. [\u001b[32mCREATE TABLE (256.0 rows, 38.8 KiB processed)\u001b[0m in 3.57s]","logger":"airflow.task.hooks.airflow.providers.standard.hooks.subprocess.SubprocessHook"}
{"timestamp":"2025-09-11T04:52:00.617677","level":"info","event":"\u001b[0m04:52:00  4 of 4 OK created sql table model weather_today.fct__weather ................... [\u001b[32mCREATE TABLE (256.0 rows, 54.7 KiB processed)\u001b[0m in 3.95s]","logger":"airflow.task.hooks.airflow.providers.standard.hooks.subprocess.SubprocessHook"}
{"timestamp":"2025-09-11T04:52:00.684937","level":"info","event":"\u001b[0m04:52:00","logger":"airflow.task.hooks.airflow.providers.standard.hooks.subprocess.SubprocessHook"}
{"timestamp":"2025-09-11T04:52:00.686105","level":"info","event":"\u001b[0m04:52:00  Finished running 2 table models, 2 view models in 0 hours 0 minutes and 9.56 seconds (9.56s).","logger":"airflow.task.hooks.airflow.providers.standard.hooks.subprocess.SubprocessHook"}
{"timestamp":"2025-09-11T04:52:00.748851","level":"info","event":"\u001b[0m04:52:00","logger":"airflow.task.hooks.airflow.providers.standard.hooks.subprocess.SubprocessHook"}
{"timestamp":"2025-09-11T04:52:00.750291","level":"info","event":"\u001b[0m04:52:00  \u001b[32mCompleted successfully\u001b[0m","logger":"airflow.task.hooks.airflow.providers.standard.hooks.subprocess.SubprocessHook"}
{"timestamp":"2025-09-11T04:52:00.752476","level":"info","event":"\u001b[0m04:52:00","logger":"airflow.task.hooks.airflow.providers.standard.hooks.subprocess.SubprocessHook"}
{"timestamp":"2025-09-11T04:52:00.752593","level":"info","event":"\u001b[0m04:52:00  Done. PASS=4 WARN=0 ERROR=0 SKIP=0 NO-OP=0 TOTAL=4","logger":"airflow.task.hooks.airflow.providers.standard.hooks.subprocess.SubprocessHook"}
{"timestamp":"2025-09-11T04:52:03.329551","level":"info","event":"Command exited with return code 0","logger":"airflow.task.hooks.airflow.providers.standard.hooks.subprocess.SubprocessHook"}
{"timestamp":"2025-09-11T04:52:03.333348","level":"info","event":"Pushing xcom","ti":"RuntimeTaskInstance(id=UUID('0199371d-2e19-7743-84ad-15b23f15f393'), task_id='dbt_transform', dag_id='dbt_dag', run_id='manual__2025-09-11T04:51:23.250003+00:00', try_number=1, map_index=-1, hostname='b4b3bf816518', context_carrier=None, task=<Task(BashOperator): dbt_transform>, bundle_instance=LocalDagBundle(name=dags-folder), max_tries=1, start_date=datetime.datetime(2025, 9, 11, 4, 51, 24, 233166, tzinfo=datetime.timezone.utc), end_date=None, state=<TaskInstanceState.RUNNING: 'running'>, is_mapped=False, rendered_map_index=None, log_url='http://localhost:8080/dags/dbt_dag/runs/manual__2025-09-11T04%3A51%3A23.250003%2B00%3A00/tasks/dbt_transform?try_number=1')","logger":"task"}
