{"timestamp":"2025-09-11T04:53:22.799857","level":"info","event":"DAG bundles loaded: dags-folder","logger":"airflow.dag_processing.bundles.manager.DagBundlesManager"}
{"timestamp":"2025-09-11T04:53:22.802205","level":"info","event":"Filling up the DagBag from /opt/airflow/dags/etl_pipeline.py","logger":"airflow.models.dagbag.DagBag"}
{"timestamp":"2025-09-11T04:53:24.067084","level":"info","event":"Tmp dir root location: /tmp","logger":"airflow.task.hooks.airflow.providers.standard.hooks.subprocess.SubprocessHook"}
{"timestamp":"2025-09-11T04:53:24.068006","level":"info","event":"Running command: ['/usr/bin/bash', '-c', 'cd /opt/airflow/dbt && dbt run --profiles-dir .']","logger":"airflow.task.hooks.airflow.providers.standard.hooks.subprocess.SubprocessHook"}
{"timestamp":"2025-09-11T04:53:24.091555","level":"info","event":"Output:","logger":"airflow.task.hooks.airflow.providers.standard.hooks.subprocess.SubprocessHook"}
{"timestamp":"2025-09-11T04:53:28.490023","level":"info","event":"\u001b[0m04:53:28  Running with dbt=1.10.9","logger":"airflow.task.hooks.airflow.providers.standard.hooks.subprocess.SubprocessHook"}
{"timestamp":"2025-09-11T04:53:36.207945","level":"info","event":"\u001b[0m04:53:36  Registered adapter: bigquery=1.10.1","logger":"airflow.task.hooks.airflow.providers.standard.hooks.subprocess.SubprocessHook"}
{"timestamp":"2025-09-11T04:53:37.586067","level":"info","event":"\u001b[0m04:53:37  [\u001b[33mWARNING\u001b[0m]: Configuration paths exist in your dbt_project.yml file which do not apply to any resources.","logger":"airflow.task.hooks.airflow.providers.standard.hooks.subprocess.SubprocessHook"}
{"timestamp":"2025-09-11T04:53:37.586231","level":"info","event":"There are 1 unused configuration paths:","logger":"airflow.task.hooks.airflow.providers.standard.hooks.subprocess.SubprocessHook"}
{"timestamp":"2025-09-11T04:53:37.586364","level":"info","event":"- models.dbt_.example","logger":"airflow.task.hooks.airflow.providers.standard.hooks.subprocess.SubprocessHook"}
{"timestamp":"2025-09-11T04:53:37.965025","level":"info","event":"\u001b[0m04:53:37  Found 4 models, 1 source, 496 macros","logger":"airflow.task.hooks.airflow.providers.standard.hooks.subprocess.SubprocessHook"}
{"timestamp":"2025-09-11T04:53:37.974218","level":"info","event":"\u001b[0m04:53:37","logger":"airflow.task.hooks.airflow.providers.standard.hooks.subprocess.SubprocessHook"}
{"timestamp":"2025-09-11T04:53:37.975321","level":"info","event":"\u001b[0m04:53:37  Concurrency: 4 threads (target='dev')","logger":"airflow.task.hooks.airflow.providers.standard.hooks.subprocess.SubprocessHook"}
{"timestamp":"2025-09-11T04:53:37.977190","level":"info","event":"\u001b[0m04:53:37","logger":"airflow.task.hooks.airflow.providers.standard.hooks.subprocess.SubprocessHook"}
{"timestamp":"2025-09-11T04:53:40.814757","level":"info","event":"\u001b[0m04:53:40  1 of 4 START sql view model weather_today.stg__weather_today ................... [RUN]","logger":"airflow.task.hooks.airflow.providers.standard.hooks.subprocess.SubprocessHook"}
{"timestamp":"2025-09-11T04:53:41.950486","level":"info","event":"\u001b[0m04:53:41  1 of 4 OK created sql view model weather_today.stg__weather_today .............. [\u001b[32mCREATE VIEW (0 processed)\u001b[0m in 1.13s]","logger":"airflow.task.hooks.airflow.providers.standard.hooks.subprocess.SubprocessHook"}
{"timestamp":"2025-09-11T04:53:41.954308","level":"info","event":"\u001b[0m04:53:41  2 of 4 START sql view model weather_today.int__weather_today ................... [RUN]","logger":"airflow.task.hooks.airflow.providers.standard.hooks.subprocess.SubprocessHook"}
{"timestamp":"2025-09-11T04:53:43.585438","level":"info","event":"\u001b[0m04:53:43  2 of 4 OK created sql view model weather_today.int__weather_today .............. [\u001b[32mCREATE VIEW (0 processed)\u001b[0m in 1.63s]","logger":"airflow.task.hooks.airflow.providers.standard.hooks.subprocess.SubprocessHook"}
{"timestamp":"2025-09-11T04:53:43.592491","level":"info","event":"\u001b[0m04:53:43  3 of 4 START sql table model weather_today.dim__province ....................... [RUN]","logger":"airflow.task.hooks.airflow.providers.standard.hooks.subprocess.SubprocessHook"}
{"timestamp":"2025-09-11T04:53:43.596965","level":"info","event":"\u001b[0m04:53:43  4 of 4 START sql table model weather_today.fct__weather ........................ [RUN]","logger":"airflow.task.hooks.airflow.providers.standard.hooks.subprocess.SubprocessHook"}
{"timestamp":"2025-09-11T04:53:46.771128","level":"info","event":"\u001b[0m04:53:46  3 of 4 OK created sql table model weather_today.dim__province .................. [\u001b[32mCREATE TABLE (256.0 rows, 48.5 KiB processed)\u001b[0m in 3.17s]","logger":"airflow.task.hooks.airflow.providers.standard.hooks.subprocess.SubprocessHook"}
{"timestamp":"2025-09-11T04:53:46.987243","level":"info","event":"\u001b[0m04:53:46  4 of 4 OK created sql table model weather_today.fct__weather ................... [\u001b[32mCREATE TABLE (256.0 rows, 68.4 KiB processed)\u001b[0m in 3.38s]","logger":"airflow.task.hooks.airflow.providers.standard.hooks.subprocess.SubprocessHook"}
{"timestamp":"2025-09-11T04:53:47.059777","level":"info","event":"\u001b[0m04:53:47","logger":"airflow.task.hooks.airflow.providers.standard.hooks.subprocess.SubprocessHook"}
{"timestamp":"2025-09-11T04:53:47.059932","level":"info","event":"\u001b[0m04:53:47  Finished running 2 table models, 2 view models in 0 hours 0 minutes and 9.08 seconds (9.08s).","logger":"airflow.task.hooks.airflow.providers.standard.hooks.subprocess.SubprocessHook"}
{"timestamp":"2025-09-11T04:53:47.114692","level":"info","event":"\u001b[0m04:53:47","logger":"airflow.task.hooks.airflow.providers.standard.hooks.subprocess.SubprocessHook"}
{"timestamp":"2025-09-11T04:53:47.116007","level":"info","event":"\u001b[0m04:53:47  \u001b[32mCompleted successfully\u001b[0m","logger":"airflow.task.hooks.airflow.providers.standard.hooks.subprocess.SubprocessHook"}
{"timestamp":"2025-09-11T04:53:47.117315","level":"info","event":"\u001b[0m04:53:47","logger":"airflow.task.hooks.airflow.providers.standard.hooks.subprocess.SubprocessHook"}
{"timestamp":"2025-09-11T04:53:47.118633","level":"info","event":"\u001b[0m04:53:47  Done. PASS=4 WARN=0 ERROR=0 SKIP=0 NO-OP=0 TOTAL=4","logger":"airflow.task.hooks.airflow.providers.standard.hooks.subprocess.SubprocessHook"}
{"timestamp":"2025-09-11T04:53:50.471914","level":"info","event":"Command exited with return code 0","logger":"airflow.task.hooks.airflow.providers.standard.hooks.subprocess.SubprocessHook"}
{"timestamp":"2025-09-11T04:53:50.474571","level":"info","event":"Pushing xcom","ti":"RuntimeTaskInstance(id=UUID('0199371e-939b-7e96-b524-936068f55c19'), task_id='dbt_data_model', dag_id='pipeline', run_id='manual__2025-09-11T04:52:54.788389+00:00', try_number=1, map_index=-1, hostname='b4b3bf816518', context_carrier=None, task=<Task(BashOperator): dbt_data_model>, bundle_instance=LocalDagBundle(name=dags-folder), max_tries=1, start_date=datetime.datetime(2025, 9, 11, 4, 53, 22, 738815, tzinfo=datetime.timezone.utc), end_date=None, state=<TaskInstanceState.RUNNING: 'running'>, is_mapped=False, rendered_map_index=None, log_url='http://localhost:8080/dags/pipeline/runs/manual__2025-09-11T04%3A52%3A54.788389%2B00%3A00/tasks/dbt_data_model?try_number=1')","logger":"task"}
